Using pre-set license
Built from '2020.3/staging' branch; Version is '2020.3.5f1 (8095aa901b9b) revision 8426922'; Using compiler version '192528614'; Build Type 'Release'
OS: 'Windows 10 Pro; OS build 19042.928; Version 2009; 64bit' Language: 'en' Physical Memory: 8115 MB
BatchMode: 1, IsHumanControllingUs: 0, StartBugReporterOnCrash: 0, Is64bit: 1, IsPro: 0

 COMMAND LINE ARGUMENTS:
C:\Program Files\Unity\Hub\Editor\2020.3.5f1\Editor\Unity.exe
-adb2
-batchMode
-noUpm
-name
AssetImportWorker0
-projectPath
C:/Users/Ernesto/Unity Projects/Evening Run
-logFile
Logs/AssetImportWorker0.log
-srvPort
55986
Successfully changed project path to: C:/Users/Ernesto/Unity Projects/Evening Run
C:/Users/Ernesto/Unity Projects/Evening Run
Using Asset Import Pipeline V2.
Refreshing native plugins compatible for Editor in 39.13 ms, found 0 plugins.
Preloading 0 native plugins for Editor in 0.00 ms.
Initialize engine version: 2020.3.5f1 (8095aa901b9b)
[Subsystems] Discovering subsystems at path C:/Program Files/Unity/Hub/Editor/2020.3.5f1/Editor/Data/Resources/UnitySubsystems
[Subsystems] Discovering subsystems at path C:/Users/Ernesto/Unity Projects/Evening Run/Assets
GfxDevice: creating device client; threaded=0
Direct3D:
    Version:  Direct3D 11.0 [level 11.1]
    Renderer: NVIDIA GeForce GTX 1050 Ti (ID=0x1c82)
    Vendor:   
    VRAM:     4018 MB
    Driver:   27.21.14.6109
Initialize mono
Mono path[0] = 'C:/Program Files/Unity/Hub/Editor/2020.3.5f1/Editor/Data/Managed'
Mono path[1] = 'C:/Program Files/Unity/Hub/Editor/2020.3.5f1/Editor/Data/MonoBleedingEdge/lib/mono/unityjit'
Mono config path = 'C:/Program Files/Unity/Hub/Editor/2020.3.5f1/Editor/Data/MonoBleedingEdge/etc'
Using monoOptions --debugger-agent=transport=dt_socket,embedding=1,server=y,suspend=n,address=127.0.0.1:56016
Begin MonoManager ReloadAssembly
Registering precompiled unity dll's ...
Register platform support module: C:/Program Files/Unity/Hub/Editor/2020.3.5f1/Editor/Data/PlaybackEngines/WebGLSupport/UnityEditor.WebGL.Extensions.dll
Register platform support module: C:/Program Files/Unity/Hub/Editor/2020.3.5f1/Editor/Data/PlaybackEngines/MacStandaloneSupport/UnityEditor.OSXStandalone.Extensions.dll
Register platform support module: C:/Program Files/Unity/Hub/Editor/2020.3.5f1/Editor/Data/PlaybackEngines/WindowsStandaloneSupport/UnityEditor.WindowsStandalone.Extensions.dll
Registered in 0.004559 seconds.
Native extension for WindowsStandalone target not found
Native extension for OSXStandalone target not found
Native extension for WebGL target not found
Refreshing native plugins compatible for Editor in 38.21 ms, found 0 plugins.
Preloading 0 native plugins for Editor in 0.00 ms.
Mono: successfully reloaded assembly
- Completed reload, in  1.757 seconds
Platform modules already initialized, skipping
Registering precompiled user dll's ...
Registered in 0.001533 seconds.
Begin MonoManager ReloadAssembly
Native extension for WindowsStandalone target not found
Native extension for OSXStandalone target not found
Native extension for WebGL target not found
Refreshing native plugins compatible for Editor in 0.81 ms, found 0 plugins.
Preloading 0 native plugins for Editor in 0.00 ms.
Mono: successfully reloaded assembly
- Completed reload, in  1.172 seconds
Platform modules already initialized, skipping
========================================================================
Worker process is ready to serve import requests
Launched and connected shader compiler UnityShaderCompiler.exe after 0.06 seconds
Refreshing native plugins compatible for Editor in 0.37 ms, found 0 plugins.
Preloading 0 native plugins for Editor in 0.00 ms.
Unloading 1217 Unused Serialized files (Serialized files now loaded: 0)
System memory in use before: 62.1 MB.
System memory in use after: 62.2 MB.

Unloading 10 unused Assets to reduce memory usage. Loaded Objects now: 1672.
Total: 2.754700 ms (FindLiveObjects: 0.162100 ms CreateObjectMapping: 0.052000 ms MarkObjects: 2.459500 ms  DeleteObjects: 0.079400 ms)

========================================================================
Received Import Request.
  path: Assets/Scripts/GameObjectPool.cs
  artifactKey: Guid(e813110fbc8a7ee4ca23f4eaf474d3b7) Importer(815301076,1909f56bfc062723c751e8b465ee728b)
Start importing Assets/Scripts/GameObjectPool.cs using Guid(e813110fbc8a7ee4ca23f4eaf474d3b7) Importer(815301076,1909f56bfc062723c751e8b465ee728b)  -> (artifact id: 'c8270245206cb7e3bd370fece0126625') in 0.047325 seconds
  Import took 0.051265 seconds .

========================================================================
Received Import Request.
  Time since last request: 93.826000 seconds.
  path: Assets/Prefabs/Block.prefab
  artifactKey: Guid(cc04444adeb5d4d409cd4cfdadaa6fd6) Importer(815301076,1909f56bfc062723c751e8b465ee728b)
Start importing Assets/Prefabs/Block.prefab using Guid(cc04444adeb5d4d409cd4cfdadaa6fd6) Importer(815301076,1909f56bfc062723c751e8b465ee728b)  -> (artifact id: '7db52349bbdb260611c8f0b13b62489c') in 0.537583 seconds
  Import took 0.543351 seconds .

========================================================================
Received Import Request.
  Time since last request: 0.000287 seconds.
  path: Assets/Prefabs/Yellow Building.prefab
  artifactKey: Guid(ac081711baa9b1546bd0dcb539f11732) Importer(815301076,1909f56bfc062723c751e8b465ee728b)
Start importing Assets/Prefabs/Yellow Building.prefab using Guid(ac081711baa9b1546bd0dcb539f11732) Importer(815301076,1909f56bfc062723c751e8b465ee728b)  -> (artifact id: '332c977a1070034a5e816c51bfd040a7') in 0.029127 seconds
  Import took 0.033545 seconds .

========================================================================
Received Import Request.
  Time since last request: 0.000302 seconds.
  path: Assets/Prefabs/Blue Building.prefab
  artifactKey: Guid(2ee7cfa1642de2047b7dbd2918e4e074) Importer(815301076,1909f56bfc062723c751e8b465ee728b)
Start importing Assets/Prefabs/Blue Building.prefab using Guid(2ee7cfa1642de2047b7dbd2918e4e074) Importer(815301076,1909f56bfc062723c751e8b465ee728b)  -> (artifact id: '679e15309cc2795ff1b98997ca0a3e8a') in 0.022244 seconds
  Import took 0.028796 seconds .

AssetImportWorkerClient::OnTransportError - code=2 error=End of file
